<?xml version="1.0" encoding="UTF-8"?>
<!-- Generated by org.testng.reporters.JUnitReportReporter -->
<testsuite skipped="0" hostname="DESKTOP-83DRFKP" name="com.classCRM.testCases.TC_LoginTest_001" tests="1" failures="0" timestamp="2022-01-26T11:34:48 IST" time="53.845" errors="0">
  <testcase name="loginTest" time="53.845" classname="com.classCRM.testCases.TC_LoginTest_001"/>
  <system-out/>
</testsuite> <!-- com.classCRM.testCases.TC_LoginTest_001 -->
