<?xml version="1.0" encoding="UTF-8"?>
<!-- Generated by org.testng.reporters.JUnitReportReporter -->
<testsuite hostname="DESKTOP-83DRFKP" failures="0" tests="1" name="com.classCRM.testCases.TC_AddCustomerTest_003" time="38.821" errors="0" timestamp="2022-01-19T13:14:17 IST" skipped="0">
  <testcase classname="com.classCRM.testCases.TC_AddCustomerTest_003" name="addNewCustomer" time="38.821"/>
  <system-out/>
</testsuite> <!-- com.classCRM.testCases.TC_AddCustomerTest_003 -->
