<?xml version="1.0" encoding="UTF-8"?>
<!-- Generated by org.testng.reporters.JUnitReportReporter -->
<testsuite skipped="0" hostname="DESKTOP-83DRFKP" name="com.classCRM.testCases.TC_LoginTest_001" tests="1" failures="0" timestamp="2022-01-26T13:27:01 IST" time="4.112" errors="0">
  <testcase name="loginTest" time="4.112" classname="com.classCRM.testCases.TC_LoginTest_001"/>
  <system-out/>
</testsuite> <!-- com.classCRM.testCases.TC_LoginTest_001 -->
